<?xml version="1.0" encoding="UTF-8"?>
<robot generator="Robot 4.1.3 (Python 3.8.10 on linux)" generated="20220213 17:39:17.511" rpa="false" schemaversion="2">
<suite id="s1" name="Test" source="/home/qa/PycharmProjects/pythonProject/test.robot">
<test id="s1-t1" name="Open and Close Browser #Test case name">
<kw name="Open Browser" library="SeleniumLibrary">
<arg>${URL}</arg>
<arg>${Browser}</arg>
<doc>Opens a new browser instance to the optional ``url``.</doc>
<msg timestamp="20220213 17:39:17.823" level="INFO">Opening browser 'Chrome' to base url 'https://demoqa.com/text-box'.</msg>
<status status="PASS" starttime="20220213 17:39:17.822" endtime="20220213 17:39:24.376"/>
</kw>
<kw name="Close Browser" library="SeleniumLibrary">
<doc>Closes the current browser.</doc>
<status status="PASS" starttime="20220213 17:39:24.379" endtime="20220213 17:39:24.523"/>
</kw>
<status status="PASS" starttime="20220213 17:39:17.820" endtime="20220213 17:39:24.524"/>
</test>
<status status="PASS" starttime="20220213 17:39:17.512" endtime="20220213 17:39:24.526"/>
</suite>
<statistics>
<total>
<stat pass="1" fail="0" skip="0">All Tests</stat>
</total>
<tag>
</tag>
<suite>
<stat pass="1" fail="0" skip="0" id="s1" name="Test">Test</stat>
</suite>
</statistics>
<errors>
</errors>
</robot>
