<?xml version="1.0" encoding="UTF-8"?>
<robot generator="Robot 4.1.3 (Python 3.8.10 on linux)" generated="20220214 13:22:04.572" rpa="false" schemaversion="2">
<suite id="s1" name="Test" source="/home/qa/PycharmProjects/pythonProject/test.robot">
<test id="s1-t1" name="Open and Close Browser #Test case name">
<kw name="Open Browser" library="SeleniumLibrary">
<arg>${URL}</arg>
<arg>${Browser}</arg>
<doc>Opens a new browser instance to the optional ``url``.</doc>
<msg timestamp="20220214 13:22:04.895" level="INFO">Opening browser 'Chrome' to base url 'https://demoqa.com/text-box'.</msg>
<status status="PASS" starttime="20220214 13:22:04.894" endtime="20220214 13:22:12.383"/>
</kw>
<kw name="Close Browser" library="SeleniumLibrary">
<doc>Closes the current browser.</doc>
<status status="PASS" starttime="20220214 13:22:12.384" endtime="20220214 13:22:12.505"/>
</kw>
<status status="PASS" starttime="20220214 13:22:04.893" endtime="20220214 13:22:12.505"/>
</test>
<status status="PASS" starttime="20220214 13:22:04.574" endtime="20220214 13:22:12.506"/>
</suite>
<statistics>
<total>
<stat pass="1" fail="0" skip="0">All Tests</stat>
</total>
<tag>
</tag>
<suite>
<stat pass="1" fail="0" skip="0" id="s1" name="Test">Test</stat>
</suite>
</statistics>
<errors>
</errors>
</robot>
